# JRE version: OpenJDK Runtime Environment Microsoft-13096984 (11.0.30+7) (build 11.0.30+7-LTS)
# Java VM: OpenJDK 64-Bit Server VM Microsoft-13096984 (11.0.30+7-LTS, mixed mode, sharing, tiered, compressed oops, g1 gc, windows-amd64)
Heap:
 garbage-first heap   total 310272K, used 154078K [0x0000000704400000, 0x0000000800000000)
  region size 1024K, 109 young (111616K), 12 survivors (12288K)
 Metaspace       used 78340K, capacity 80900K, committed 81108K, reserved 1120256K
  class space    used 9731K, capacity 10743K, committed 10824K, reserved 1048576K
GC Heap History (20 events):
Event: 5.534 GC heap before
{Heap before GC invocations=6 (full 0):
 garbage-first heap   total 258048K, used 129455K [0x0000000704400000, 0x0000000800000000)
  region size 1024K, 116 young (118784K), 6 survivors (6144K)
 Metaspace       used 25347K, capacity 26385K, committed 26620K, reserved 1073152K
  class space    used 3365K, capacity 3783K, committed 3836K, reserved 1048576K
}
Event: 5.543 GC heap after
{Heap after GC invocations=7 (full 0):
 garbage-first heap   total 258048K, used 19106K [0x0000000704400000, 0x0000000800000000)
  region size 1024K, 8 young (8192K), 8 survivors (8192K)
 Metaspace       used 25347K, capacity 26385K, committed 26620K, reserved 1073152K
  class space    used 3365K, capacity 3783K, committed 3836K, reserved 1048576K
}
Event: 8.517 GC heap before
{Heap before GC invocations=7 (full 0):
 garbage-first heap   total 258048K, used 164514K [0x0000000704400000, 0x0000000800000000)
  region size 1024K, 145 young (148480K), 8 survivors (8192K)
 Metaspace       used 33884K, capacity 35249K, committed 35580K, reserved 1079296K
  class space    used 4437K, capacity 5007K, committed 5116K, reserved 1048576K
}
Event: 8.528 GC heap after
{Heap after GC invocations=8 (full 0):
 garbage-first heap   total 258048K, used 23571K [0x0000000704400000, 0x0000000800000000)
  region size 1024K, 13 young (13312K), 13 survivors (13312K)
 Metaspace       used 33884K, capacity 35249K, committed 35580K, reserved 1079296K
  class space    used 4437K, capacity 5007K, committed 5116K, reserved 1048576K
}
Event: 8.598 GC heap before
{Heap before GC invocations=8 (full 0):
 garbage-first heap   total 258048K, used 30739K [0x0000000704400000, 0x0000000800000000)
  region size 1024K, 21 young (21504K), 13 survivors (13312K)
 Metaspace       used 34399K, capacity 35813K, committed 36048K, reserved 1081344K
  class space    used 4507K, capacity 5068K, committed 5116K, reserved 1048576K
}
Event: 8.621 GC heap after
{Heap after GC invocations=9 (full 0):
 garbage-first heap   total 310272K, used 23960K [0x0000000704400000, 0x0000000800000000)
  region size 1024K, 11 young (11264K), 11 survivors (11264K)
 Metaspace       used 34399K, capacity 35813K, committed 36048K, reserved 1081344K
  class space    used 4507K, capacity 5068K, committed 5116K, reserved 1048576K
}
Event: 10.823 GC heap before
{Heap before GC invocations=10 (full 0):
 garbage-first heap   total 310272K, used 198040K [0x0000000704400000, 0x0000000800000000)
  region size 1024K, 181 young (185344K), 11 survivors (11264K)
 Metaspace       used 46715K, capacity 48417K, committed 48464K, reserved 1091584K
  class space    used 6055K, capacity 6752K, committed 6780K, reserved 1048576K
}
Event: 10.832 GC heap after
{Heap after GC invocations=11 (full 0):
 garbage-first heap   total 310272K, used 30339K [0x0000000704400000, 0x0000000800000000)
  region size 1024K, 17 young (17408K), 17 survivors (17408K)
 Metaspace       used 46715K, capacity 48417K, committed 48464K, reserved 1091584K
  class space    used 6055K, capacity 6752K, committed 6780K, reserved 1048576K
}
Event: 14.759 GC heap before
{Heap before GC invocations=11 (full 0):
 garbage-first heap   total 310272K, used 198275K [0x0000000704400000, 0x0000000800000000)
  region size 1024K, 181 young (185344K), 17 survivors (17408K)
 Metaspace       used 53380K, capacity 55300K, committed 55504K, reserved 1097728K
  class space    used 6750K, capacity 7551K, committed 7676K, reserved 1048576K
}
Event: 14.767 GC heap after
{Heap after GC invocations=12 (full 0):
 garbage-first heap   total 310272K, used 35322K [0x0000000704400000, 0x0000000800000000)
  region size 1024K, 18 young (18432K), 18 survivors (18432K)
 Metaspace       used 53380K, capacity 55300K, committed 55504K, reserved 1097728K
  class space    used 6750K, capacity 7551K, committed 7676K, reserved 1048576K
}
Event: 15.578 GC heap before
{Heap before GC invocations=12 (full 0):
 garbage-first heap   total 310272K, used 129530K [0x0000000704400000, 0x0000000800000000)
  region size 1024K, 111 young (113664K), 18 survivors (18432K)
 Metaspace       used 58284K, capacity 60178K, committed 60296K, reserved 1101824K
  class space    used 7341K, capacity 8132K, committed 8188K, reserved 1048576K
}
Event: 15.585 GC heap after
{Heap after GC invocations=13 (full 0):
 garbage-first heap   total 310272K, used 37351K [0x0000000704400000, 0x0000000800000000)
  region size 1024K, 9 young (9216K), 9 survivors (9216K)
 Metaspace       used 58284K, capacity 60178K, committed 60296K, reserved 1101824K
  class space    used 7341K, capacity 8132K, committed 8188K, reserved 1048576K
}
Event: 110.074 GC heap before
{Heap before GC invocations=14 (full 0):
 garbage-first heap   total 310272K, used 212455K [0x0000000704400000, 0x0000000800000000)
  region size 1024K, 181 young (185344K), 9 survivors (9216K)
 Metaspace       used 75034K, capacity 77334K, committed 77524K, reserved 1116160K
  class space    used 9292K, capacity 10217K, committed 10312K, reserved 1048576K
}
Event: 110.086 GC heap after
{Heap after GC invocations=15 (full 0):
 garbage-first heap   total 310272K, used 44240K [0x0000000704400000, 0x0000000800000000)
  region size 1024K, 15 young (15360K), 15 survivors (15360K)
 Metaspace       used 75034K, capacity 77334K, committed 77524K, reserved 1116160K
  class space    used 9292K, capacity 10217K, committed 10312K, reserved 1048576K
}
Event: 1544.223 GC heap before
{Heap before GC invocations=16 (full 0):
 garbage-first heap   total 310272K, used 220368K [0x0000000704400000, 0x0000000800000000)
  region size 1024K, 181 young (185344K), 15 survivors (15360K)
 Metaspace       used 78019K, capacity 80466K, committed 80724K, reserved 1120256K
  class space    used 9714K, capacity 10693K, committed 10696K, reserved 1048576K
}
Event: 1544.249 GC heap after
{Heap after GC invocations=17 (full 0):
 garbage-first heap   total 310272K, used 55759K [0x0000000704400000, 0x0000000800000000)
  region size 1024K, 22 young (22528K), 22 survivors (22528K)
 Metaspace       used 78019K, capacity 80466K, committed 80724K, reserved 1120256K
  class space    used 9714K, capacity 10693K, committed 10696K, reserved 1048576K
}
Event: 5188.441 GC heap before
{Heap before GC invocations=17 (full 0):
 garbage-first heap   total 310272K, used 218575K [0x0000000704400000, 0x0000000800000000)
  region size 1024K, 181 young (185344K), 22 survivors (22528K)
 Metaspace       used 78294K, capacity 80833K, committed 81108K, reserved 1120256K
  class space    used 9722K, capacity 10728K, committed 10824K, reserved 1048576K
}
Event: 5188.550 GC heap after
{Heap after GC invocations=18 (full 0):
 garbage-first heap   total 310272K, used 57079K [0x0000000704400000, 0x0000000800000000)
  region size 1024K, 14 young (14336K), 14 survivors (14336K)
 Metaspace       used 78294K, capacity 80833K, committed 81108K, reserved 1120256K
  class space    used 9722K, capacity 10728K, committed 10824K, reserved 1048576K
}
Event: 15806.494 GC heap before
{Heap before GC invocations=18 (full 0):
 garbage-first heap   total 310272K, used 228087K [0x0000000704400000, 0x0000000800000000)
  region size 1024K, 181 young (185344K), 14 survivors (14336K)
 Metaspace       used 78339K, capacity 80900K, committed 81108K, reserved 1120256K
  class space    used 9730K, capacity 10743K, committed 10824K, reserved 1048576K
}
Event: 15806.558 GC heap after
{Heap after GC invocations=19 (full 0):
 garbage-first heap   total 310272K, used 55774K [0x0000000704400000, 0x0000000800000000)
  region size 1024K, 12 young (12288K), 12 survivors (12288K)
 Metaspace       used 78339K, capacity 80900K, committed 81108K, reserved 1120256K
  class space    used 9730K, capacity 10743K, committed 10824K, reserved 1048576K
}

